<?xml version="1.0" encoding="UTF-8"?>
<!-- Generated by org.testng.reporters.JUnitReportReporter -->
<testsuite skipped="0" hostname="DESKTOP-K77QK5Q" name="com.webservices.testscripts.TC__01" tests="1" failures="0" timestamp="22 Oct 2018 08:03:26 GMT" time="2.198" errors="0">
  <testcase name="verifyGetUserProfile" time="2.198" classname="com.webservices.testscripts.TC__01"/>
</testsuite> <!-- com.webservices.testscripts.TC__01 -->
