<?xml version="1.0" encoding="UTF-8"?>
<!-- Generated by org.testng.reporters.JUnitReportReporter -->
<testsuite skipped="0" hostname="DESKTOP-K77QK5Q" name="com.webservices.testscripts.UserProfile_UnitTest" tests="2" failures="0" timestamp="22 Oct 2018 10:25:42 GMT" time="1.847" errors="0">
  <testcase name="VerifyDeletProfile" time="1.741" classname="com.webservices.testscripts.UserProfile_UnitTest"/>
  <testcase name="verifyGetUserProfile" time="0.106" classname="com.webservices.testscripts.UserProfile_UnitTest"/>
</testsuite> <!-- com.webservices.testscripts.UserProfile_UnitTest -->
